<?xml version="1.0" encoding="UTF-8"?>
<testsuite xmlns:xsi="http://www.w3.org/2001/XMLSchema-instance" xsi:noNamespaceSchemaLocation="https://maven.apache.org/surefire/maven-surefire-plugin/xsd/surefire-test-report-3.0.xsd" version="3.0" name="io.cucumber.junit.platform.engine.CucumberTestEngine" time="38.749" tests="14" errors="0" skipped="0" failures="0">
  <properties>
[...]
</properties>
  <testcase name=": Gestión de tareas vía API REST - Crear una tarea con título válido" classname=": Gestión de tareas vía API REST" time="4.873">
    <system-out><![CDATA[Mock Server iniciado en puerto: 8080

@api @todo @smoke @crear
Escenario: Crear una tarea con tÃ­tulo vÃ¡lido     &amp#27;[90m# src/test/resources/features/todo_api.feature:12&amp#27;[0m
  &amp#27;[32mDado &amp#27;[0m&amp#27;[32mla API de tareas estÃ¡ disponible&amp#27;[0m          &amp#27;[90m# steps.TodoApiSteps.laApiDisponible()&amp#27;[0m
  &amp#27;[32mDado &amp#27;[0m&amp#27;[32mcreo una tarea con tÃ­tulo &amp#27;[0m&amp#27;[32m&amp#27;[1m"Comprar leche"&amp#27;[0m &amp#27;[90m# steps.TodoApiSteps.creoTareaConTitulo(java.lang.String)&amp#27;[0m
  &amp#27;[32mEntonces &amp#27;[0m&amp#27;[32mla respuesta tiene cÃ³digo &amp#27;[0m&amp#27;[32m&amp#27;[1m201&amp#27;[0m         &amp#27;[90m# steps.TodoApiSteps.respuestaCodigo(int)&amp#27;[0m
  &amp#27;[32mY &amp#27;[0m&amp#27;[32mla tarea tiene tÃ­tulo &amp#27;[0m&amp#27;[32m&amp#27;[1m"Comprar leche"&amp#27;[0m        &amp#27;[90m# steps.TodoApiSteps.tareaTieneTitulo(java.lang.String)&amp#27;[0m
  &amp#27;[32mY &amp#27;[0m&amp#27;[32mla tarea tiene estado &amp#27;[0m&amp#27;[32m&amp#27;[1m"PENDING"&amp#27;[0m              &amp#27;[90m# steps.TodoApiSteps.tareaTieneEstado(java.lang.String)&amp#27;[0m
]]></system-out>
    <system-err><![CDATA[Feb 19, 2026 9:34:24 PM io.cucumber.junit.platform.engine.DiscoverySelectorResolver warnWhenCucumberFeaturesPropertyIsUsed
ADVERTENCIA: Discovering tests using the cucumber.features property. Other discovery selectors are ignored!

This is a work around for the limited JUnit 5 support in Maven and Gradle. Please request/upvote/sponsor/ect better support for JUnit 5 discovery selectors. For details see: https://github.com/cucumber/cucumber-jvm/pull/2498

If you are using the JUnit 5 Suite Engine, Platform Launcher API or Console Launcher you should not use this property. Please consult the JUnit 5 documentation on test selection.
]]></system-err>
  </testcase>
  <testcase name=": Gestión de tareas vía API REST - : Crear tarea sin título retorna error" classname=": Gestión de tareas vía API REST" time="0.158">
    <system-out><![CDATA[
@api @todo @crear @negativo
Escenario: : Crear tarea sin tÃ­tulo retorna error        &amp#27;[90m# src/test/resources/features/todo_api.feature:19&amp#27;[0m
  &amp#27;[32mDado &amp#27;[0m&amp#27;[32mla API de tareas estÃ¡ disponible&amp#27;[0m                  &amp#27;[90m# steps.TodoApiSteps.laApiDisponible()&amp#27;[0m
  &amp#27;[32mDado &amp#27;[0m&amp#27;[32mcreo una tarea sin tÃ­tulo&amp#27;[0m                         &amp#27;[90m# steps.TodoApiSteps.creoTareaSinTitulo()&amp#27;[0m
  &amp#27;[32mEntonces &amp#27;[0m&amp#27;[32mla respuesta tiene cÃ³digo &amp#27;[0m&amp#27;[32m&amp#27;[1m400&amp#27;[0m                 &amp#27;[90m# steps.TodoApiSteps.respuestaCodigo(int)&amp#27;[0m
  &amp#27;[32mY &amp#27;[0m&amp#27;[32mel mensaje de error contiene &amp#27;[0m&amp#27;[32m&amp#27;[1m"titulo es obligatorio"&amp#27;[0m &amp#27;[90m# steps.TodoApiSteps.mensajeErrorContiene(java.lang.String)&amp#27;[0m
]]></system-out>
  </testcase>
  <testcase name=": Gestión de tareas vía API REST - Crear tarea con título mayor a 100 caracteres" classname=": Gestión de tareas vía API REST" time="0.119">
    <system-out><![CDATA[
@api @todo @crear @negativo
Escenario: Crear tarea con tÃ­tulo mayor a 100 caracteres &amp#27;[90m# src/test/resources/features/todo_api.feature:25&amp#27;[0m
  &amp#27;[32mDado &amp#27;[0m&amp#27;[32mla API de tareas estÃ¡ disponible&amp#27;[0m                  &amp#27;[90m# steps.TodoApiSteps.laApiDisponible()&amp#27;[0m
  &amp#27;[32mDado &amp#27;[0m&amp#27;[32mcreo una tarea con un tÃ­tulo de &amp#27;[0m&amp#27;[32m&amp#27;[1m101&amp#27;[0m&amp#27;[32m caracteres&amp#27;[0m    &amp#27;[90m# steps.TodoApiSteps.creoTareaConTituloDe(int)&amp#27;[0m
  &amp#27;[32mEntonces &amp#27;[0m&amp#27;[32mla respuesta tiene cÃ³digo &amp#27;[0m&amp#27;[32m&amp#27;[1m400&amp#27;[0m                 &amp#27;[90m# steps.TodoApiSteps.respuestaCodigo(int)&amp#27;[0m
  &amp#27;[32mY &amp#27;[0m&amp#27;[32mel mensaje de error contiene &amp#27;[0m&amp#27;[32m&amp#27;[1m"maximo 100 caracteres"&amp#27;[0m &amp#27;[90m# steps.TodoApiSteps.mensajeErrorContiene(java.lang.String)&amp#27;[0m
]]></system-out>
  </testcase>
  <testcase name=": Gestión de tareas vía API REST - Marcar tarea como completada" classname=": Gestión de tareas vía API REST" time="0.193">
    <system-out><![CDATA[
@api @todo @completar
Escenario: Marcar tarea como completada         &amp#27;[90m# src/test/resources/features/todo_api.feature:41&amp#27;[0m
  &amp#27;[32mDado &amp#27;[0m&amp#27;[32mla API de tareas estÃ¡ disponible&amp#27;[0m         &amp#27;[90m# steps.TodoApiSteps.laApiDisponible()&amp#27;[0m
  &amp#27;[32mDado &amp#27;[0m&amp#27;[32mexiste una tarea con tÃ­tulo &amp#27;[0m&amp#27;[32m&amp#27;[1m"Leer libro"&amp#27;[0m &amp#27;[90m# steps.TodoApiSteps.existeTarea(java.lang.String)&amp#27;[0m
  &amp#27;[32mDado &amp#27;[0m&amp#27;[32mmarco la tarea como completada&amp#27;[0m           &amp#27;[90m# steps.TodoApiSteps.marcoCompletada()&amp#27;[0m
  &amp#27;[32mEntonces &amp#27;[0m&amp#27;[32mla respuesta tiene cÃ³digo &amp#27;[0m&amp#27;[32m&amp#27;[1m200&amp#27;[0m        &amp#27;[90m# steps.TodoApiSteps.respuestaCodigo(int)&amp#27;[0m
  &amp#27;[32mY &amp#27;[0m&amp#27;[32mla tarea tiene estado &amp#27;[0m&amp#27;[32m&amp#27;[1m"DONE"&amp#27;[0m                &amp#27;[90m# steps.TodoApiSteps.tareaTieneEstado(java.lang.String)&amp#27;[0m
]]></system-out>
  </testcase>
  <testcase name=": Gestión de tareas vía API REST - Eliminar una tarea existente" classname=": Gestión de tareas vía API REST" time="0.197">
    <system-out><![CDATA[
@api @todo @eliminar
Escenario: Eliminar una tarea existente             &amp#27;[90m# src/test/resources/features/todo_api.feature:48&amp#27;[0m
  &amp#27;[32mDado &amp#27;[0m&amp#27;[32mla API de tareas estÃ¡ disponible&amp#27;[0m             &amp#27;[90m# steps.TodoApiSteps.laApiDisponible()&amp#27;[0m
  &amp#27;[32mDado &amp#27;[0m&amp#27;[32mexiste una tarea con tÃ­tulo &amp#27;[0m&amp#27;[32m&amp#27;[1m"Tarea temporal"&amp#27;[0m &amp#27;[90m# steps.TodoApiSteps.existeTarea(java.lang.String)&amp#27;[0m
  &amp#27;[32mDado &amp#27;[0m&amp#27;[32melimino la tarea&amp#27;[0m                             &amp#27;[90m# steps.TodoApiSteps.eliminoTarea()&amp#27;[0m
  &amp#27;[32mEntonces &amp#27;[0m&amp#27;[32mla respuesta tiene cÃ³digo &amp#27;[0m&amp#27;[32m&amp#27;[1m204&amp#27;[0m            &amp#27;[90m# steps.TodoApiSteps.respuestaCodigo(int)&amp#27;[0m
  &amp#27;[32mY &amp#27;[0m&amp#27;[32mla tarea ya no existe en el sistema&amp#27;[0m             &amp#27;[90m# steps.TodoApiSteps.tareaNoExiste()&amp#27;[0m
]]></system-out>
  </testcase>
  <testcase name=": Gestión de tareas vía API REST - Eliminar tarea inexistente retorna 404" classname=": Gestión de tareas vía API REST" time="0.06">
    <system-out><![CDATA[
@api @todo @eliminar @negativo
Escenario: Eliminar tarea inexistente retorna 404 &amp#27;[90m# src/test/resources/features/todo_api.feature:55&amp#27;[0m
  &amp#27;[32mDado &amp#27;[0m&amp#27;[32mla API de tareas estÃ¡ disponible&amp#27;[0m           &amp#27;[90m# steps.TodoApiSteps.laApiDisponible()&amp#27;[0m
  &amp#27;[32mDado &amp#27;[0m&amp#27;[32melimino una tarea con id &amp#27;[0m&amp#27;[32m&amp#27;[1m99999&amp#27;[0m             &amp#27;[90m# steps.TodoApiSteps.eliminoTareaConId(int)&amp#27;[0m
  &amp#27;[32mEntonces &amp#27;[0m&amp#27;[32mla respuesta tiene cÃ³digo &amp#27;[0m&amp#27;[32m&amp#27;[1m404&amp#27;[0m          &amp#27;[90m# steps.TodoApiSteps.respuestaCodigo(int)&amp#27;[0m
]]></system-out>
  </testcase>
  <testcase name=": Gestión de tareas vía API REST - Filtrar tareas por estado pendiente" classname=": Gestión de tareas vía API REST" time="0.279">
    <system-out><![CDATA[
@api @todo @filtrar
Escenario: Filtrar tareas por estado pendiente  &amp#27;[90m# src/test/resources/features/todo_api.feature:60&amp#27;[0m
  &amp#27;[32mDado &amp#27;[0m&amp#27;[32mla API de tareas estÃ¡ disponible&amp#27;[0m         &amp#27;[90m# steps.TodoApiSteps.laApiDisponible()&amp#27;[0m
  &amp#27;[32mDado &amp#27;[0m&amp#27;[32mexisten las siguientes tareas:&amp#27;[0m           &amp#27;[90m# steps.TodoApiSteps.existenTareas(io.cucumber.datatable.DataTable)&amp#27;[0m
    | titulo     | estado  |
    | Tarea uno  | PENDING |
    | Tarea dos  | DONE    |
    | Tarea tres | PENDING |
  &amp#27;[32mDado &amp#27;[0m&amp#27;[32mconsulto las tareas con filtro &amp#27;[0m&amp#27;[32m&amp#27;[1m"PENDING"&amp#27;[0m &amp#27;[90m# steps.TodoApiSteps.consultoConFiltro(java.lang.String)&amp#27;[0m
  &amp#27;[32mEntonces &amp#27;[0m&amp#27;[32mla respuesta tiene cÃ³digo &amp#27;[0m&amp#27;[32m&amp#27;[1m200&amp#27;[0m        &amp#27;[90m# steps.TodoApiSteps.respuestaCodigo(int)&amp#27;[0m
  &amp#27;[32mY &amp#27;[0m&amp#27;[32mse retornan &amp#27;[0m&amp#27;[32m&amp#27;[1m2&amp#27;[0m&amp#27;[32m tareas&amp#27;[0m                        &amp#27;[90m# steps.TodoApiSteps.seRetornanTareas(int)&amp#27;[0m
]]></system-out>
  </testcase>
  <testcase name=": Gestión de tareas vía API REST - Crear tarea con diferentes datos - Ejemplos - Example #1.1" classname=": Gestión de tareas vía API REST - Crear tarea con diferentes datos - Ejemplos" time="0.076">
    <system-out><![CDATA[
@api @todo @crear @outline
Esquema del escenario: Crear tarea con diferentes datos                             &amp#27;[90m# src/test/resources/features/todo_api.feature:36&amp#27;[0m
  &amp#27;[32mDado &amp#27;[0m&amp#27;[32mla API de tareas estÃ¡ disponible&amp#27;[0m                                             &amp#27;[90m# steps.TodoApiSteps.laApiDisponible()&amp#27;[0m
  &amp#27;[32mDado &amp#27;[0m&amp#27;[32mcreo una tarea con tÃ­tulo &amp#27;[0m&amp#27;[32m&amp#27;[1m"Ir al gimnasio"&amp#27;[0m&amp#27;[32m y descripciÃ³n &amp#27;[0m&amp#27;[32m&amp#27;[1m"Rutina de piernas"&amp#27;[0m &amp#27;[90m# steps.TodoApiSteps.creoTareaConTituloYDesc(java.lang.String,java.lang.String)&amp#27;[0m
  &amp#27;[32mEntonces &amp#27;[0m&amp#27;[32mla respuesta tiene cÃ³digo &amp#27;[0m&amp#27;[32m&amp#27;[1m201&amp#27;[0m                                            &amp#27;[90m# steps.TodoApiSteps.respuestaCodigo(int)&amp#27;[0m
]]></system-out>
  </testcase>
  <testcase name=": Gestión de tareas vía API REST - Crear tarea con diferentes datos - Ejemplos - Example #1.2" classname=": Gestión de tareas vía API REST - Crear tarea con diferentes datos - Ejemplos" time="0.101">
    <system-out><![CDATA[
@api @todo @crear @outline
Esquema del escenario: Crear tarea con diferentes datos          &amp#27;[90m# src/test/resources/features/todo_api.feature:37&amp#27;[0m
  &amp#27;[32mDado &amp#27;[0m&amp#27;[32mla API de tareas estÃ¡ disponible&amp#27;[0m                          &amp#27;[90m# steps.TodoApiSteps.laApiDisponible()&amp#27;[0m
  &amp#27;[32mDado &amp#27;[0m&amp#27;[32mcreo una tarea con tÃ­tulo &amp#27;[0m&amp#27;[32m&amp#27;[1m"Estudiar BDD"&amp#27;[0m&amp#27;[32m y descripciÃ³n &amp#27;[0m&amp#27;[32m&amp#27;[1m""&amp#27;[0m &amp#27;[90m# steps.TodoApiSteps.creoTareaConTituloYDesc(java.lang.String,java.lang.String)&amp#27;[0m
  &amp#27;[32mEntonces &amp#27;[0m&amp#27;[32mla respuesta tiene cÃ³digo &amp#27;[0m&amp#27;[32m&amp#27;[1m201&amp#27;[0m                         &amp#27;[90m# steps.TodoApiSteps.respuestaCodigo(int)&amp#27;[0m
]]></system-out>
  </testcase>
  <testcase name=": Gestión de tareas vía API REST - Crear tarea con diferentes datos - Ejemplos - Example #1.3" classname=": Gestión de tareas vía API REST - Crear tarea con diferentes datos - Ejemplos" time="0.093">
    <system-out><![CDATA[
@api @todo @crear @outline
Esquema del escenario: Crear tarea con diferentes datos        &amp#27;[90m# src/test/resources/features/todo_api.feature:38&amp#27;[0m
  &amp#27;[32mDado &amp#27;[0m&amp#27;[32mla API de tareas estÃ¡ disponible&amp#27;[0m                        &amp#27;[90m# steps.TodoApiSteps.laApiDisponible()&amp#27;[0m
  &amp#27;[32mDado &amp#27;[0m&amp#27;[32mcreo una tarea con tÃ­tulo &amp#27;[0m&amp#27;[32m&amp#27;[1m""&amp#27;[0m&amp#27;[32m y descripciÃ³n &amp#27;[0m&amp#27;[32m&amp#27;[1m"Sin titulo"&amp#27;[0m &amp#27;[90m# steps.TodoApiSteps.creoTareaConTituloYDesc(java.lang.String,java.lang.String)&amp#27;[0m
  &amp#27;[32mEntonces &amp#27;[0m&amp#27;[32mla respuesta tiene cÃ³digo &amp#27;[0m&amp#27;[32m&amp#27;[1m400&amp#27;[0m                       &amp#27;[90m# steps.TodoApiSteps.respuestaCodigo(int)&amp#27;[0m
]]></system-out>
  </testcase>
  <testcase name="Gestión de tareas desde la interfaz web - Crear tarea desde la interfaz" classname="Gestión de tareas desde la interfaz web" time="3.866">
    <system-out><![CDATA[
@ui @todo @smoke @ui-crear
Escenario: Crear tarea desde la interfaz                  &amp#27;[90m# src/test/resources/features/todo_ui.feature:11&amp#27;[0m
  &amp#27;[32mDado &amp#27;[0m&amp#27;[32mestoy en la pÃ¡gina de tareas&amp#27;[0m                       &amp#27;[90m# steps.TodoUiSteps.estoyEnPagina()&amp#27;[0m
  &amp#27;[32mDado &amp#27;[0m&amp#27;[32mingreso el tÃ­tulo &amp#27;[0m&amp#27;[32m&amp#27;[1m"Comprar leche"&amp#27;[0m&amp#27;[32m en el formulario&amp#27;[0m &amp#27;[90m# steps.TodoUiSteps.ingresoTitulo(java.lang.String)&amp#27;[0m
  &amp#27;[32mY &amp#27;[0m&amp#27;[32mhago clic en el botÃ³n &amp#27;[0m&amp#27;[32m&amp#27;[1m"Agregar"&amp#27;[0m                       &amp#27;[90m# steps.TodoUiSteps.clicBoton(java.lang.String)&amp#27;[0m
  &amp#27;[32mEntonces &amp#27;[0m&amp#27;[32mveo la tarea &amp#27;[0m&amp#27;[32m&amp#27;[1m"Comprar leche"&amp#27;[0m&amp#27;[32m en la lista&amp#27;[0m       &amp#27;[90m# steps.TodoUiSteps.veoTarea(java.lang.String)&amp#27;[0m
  &amp#27;[32mY &amp#27;[0m&amp#27;[32mla tarea aparece con estado pendiente&amp#27;[0m                 &amp#27;[90m# steps.TodoUiSteps.estadoPendiente()&amp#27;[0m
]]></system-out>
    <system-err><![CDATA[[main] INFO io.github.bonigarcia.wdm.WebDriverManager - Using chromedriver 145.0.7632.77 (resolved driver for Chrome 145)
[main] INFO io.github.bonigarcia.wdm.WebDriverManager - Exporting webdriver.chrome.driver as C:\Users\user\.cache\selenium\chromedriver\win64\145.0.7632.77\chromedriver.exe
Feb 19, 2026 9:34:35 PM org.openqa.selenium.devtools.CdpVersionFinder findNearestMatch
ADVERTENCIA: Unable to find CDP implementation matching 145
Feb 19, 2026 9:34:35 PM org.openqa.selenium.chromium.ChromiumDriver lambda$new$5
ADVERTENCIA: Unable to find version of CDP to use for 145.0.7632.77. You may need to include a dependency on a specific version of the CDP using something similar to `org.seleniumhq.selenium:selenium-devtools-v86:4.21.0` where the version ("v86") matches the version of the chromium-based browser you're using and the version number of the artifact is the same as Selenium's.
]]></system-err>
  </testcase>
  <testcase name="Gestión de tareas desde la interfaz web - Completar tarea desde la interfaz" classname="Gestión de tareas desde la interfaz web" time="2.253">
    <system-out><![CDATA[
@ui @todo @ui-completar
Escenario: Completar tarea desde la interfaz                &amp#27;[90m# src/test/resources/features/todo_ui.feature:18&amp#27;[0m
  &amp#27;[32mDado &amp#27;[0m&amp#27;[32mestoy en la pÃ¡gina de tareas&amp#27;[0m                         &amp#27;[90m# steps.TodoUiSteps.estoyEnPagina()&amp#27;[0m
  &amp#27;[32mDado &amp#27;[0m&amp#27;[32mexiste la tarea &amp#27;[0m&amp#27;[32m&amp#27;[1m"Estudiar Java"&amp#27;[0m&amp#27;[32m en la lista&amp#27;[0m          &amp#27;[90m# steps.TodoUiSteps.existeTarea(java.lang.String)&amp#27;[0m
  &amp#27;[32mDado &amp#27;[0m&amp#27;[32mmarco como completada la tarea &amp#27;[0m&amp#27;[32m&amp#27;[1m"Estudiar Java"&amp#27;[0m       &amp#27;[90m# steps.TodoUiSteps.marcoCompletada(java.lang.String)&amp#27;[0m
  &amp#27;[32mEntonces &amp#27;[0m&amp#27;[32mla tarea &amp#27;[0m&amp#27;[32m&amp#27;[1m"Estudiar Java"&amp#27;[0m&amp#27;[32m aparece como completada&amp#27;[0m &amp#27;[90m# steps.TodoUiSteps.completada(java.lang.String)&amp#27;[0m
]]></system-out>
    <system-err><![CDATA[[main] INFO io.github.bonigarcia.wdm.WebDriverManager - Using chromedriver 145.0.7632.77 (resolved driver for Chrome 145)
[main] INFO io.github.bonigarcia.wdm.WebDriverManager - Exporting webdriver.chrome.driver as C:\Users\user\.cache\selenium\chromedriver\win64\145.0.7632.77\chromedriver.exe
Feb 19, 2026 9:34:37 PM org.openqa.selenium.devtools.CdpVersionFinder findNearestMatch
ADVERTENCIA: Unable to find CDP implementation matching 145
Feb 19, 2026 9:34:37 PM org.openqa.selenium.chromium.ChromiumDriver lambda$new$5
ADVERTENCIA: Unable to find version of CDP to use for 145.0.7632.77. You may need to include a dependency on a specific version of the CDP using something similar to `org.seleniumhq.selenium:selenium-devtools-v86:4.21.0` where the version ("v86") matches the version of the chromium-based browser you're using and the version number of the artifact is the same as Selenium's.
]]></system-err>
  </testcase>
  <testcase name="Gestión de tareas desde la interfaz web - Eliminar tarea desde la interfaz" classname="Gestión de tareas desde la interfaz web" time="23.14">
    <system-out><![CDATA[
@ui @todo @ui-eliminar
Escenario: Eliminar tarea desde la interfaz                    &amp#27;[90m# src/test/resources/features/todo_ui.feature:24&amp#27;[0m
  &amp#27;[32mDado &amp#27;[0m&amp#27;[32mestoy en la pÃ¡gina de tareas&amp#27;[0m                            &amp#27;[90m# steps.TodoUiSteps.estoyEnPagina()&amp#27;[0m
  &amp#27;[32mDado &amp#27;[0m&amp#27;[32mexiste la tarea &amp#27;[0m&amp#27;[32m&amp#27;[1m"Tarea temporal"&amp#27;[0m&amp#27;[32m en la lista&amp#27;[0m            &amp#27;[90m# steps.TodoUiSteps.existeTarea(java.lang.String)&amp#27;[0m
  &amp#27;[32mDado &amp#27;[0m&amp#27;[32melimino la tarea &amp#27;[0m&amp#27;[32m&amp#27;[1m"Tarea temporal"&amp#27;[0m&amp#27;[32m desde la interfaz&amp#27;[0m     &amp#27;[90m# steps.TodoUiSteps.eliminoUI(java.lang.String)&amp#27;[0m
  &amp#27;[32mEntonces &amp#27;[0m&amp#27;[32mla tarea &amp#27;[0m&amp#27;[32m&amp#27;[1m"Tarea temporal"&amp#27;[0m&amp#27;[32m ya no aparece en la lista&amp#27;[0m &amp#27;[90m# steps.TodoUiSteps.noAparece(java.lang.String)&amp#27;[0m
]]></system-out>
    <system-err><![CDATA[[main] INFO io.github.bonigarcia.wdm.WebDriverManager - Using chromedriver 145.0.7632.77 (resolved driver for Chrome 145)
[main] INFO io.github.bonigarcia.wdm.WebDriverManager - Exporting webdriver.chrome.driver as C:\Users\user\.cache\selenium\chromedriver\win64\145.0.7632.77\chromedriver.exe
Feb 19, 2026 9:34:40 PM org.openqa.selenium.devtools.CdpVersionFinder findNearestMatch
ADVERTENCIA: Unable to find CDP implementation matching 145
Feb 19, 2026 9:34:40 PM org.openqa.selenium.chromium.ChromiumDriver lambda$new$5
ADVERTENCIA: Unable to find version of CDP to use for 145.0.7632.77. You may need to include a dependency on a specific version of the CDP using something similar to `org.seleniumhq.selenium:selenium-devtools-v86:4.21.0` where the version ("v86") matches the version of the chromium-based browser you're using and the version number of the artifact is the same as Selenium's.
]]></system-err>
  </testcase>
  <testcase name="Gestión de tareas desde la interfaz web - Validación de título vacío en interfaz" classname="Gestión de tareas desde la interfaz web" time="1.708">
    <system-out><![CDATA[
@ui @todo @ui-validacion
Escenario: ValidaciÃ³n de tÃ­tulo vacÃ­o en interfaz             &amp#27;[90m# src/test/resources/features/todo_ui.feature:30&amp#27;[0m
  &amp#27;[32mDado &amp#27;[0m&amp#27;[32mestoy en la pÃ¡gina de tareas&amp#27;[0m                           &amp#27;[90m# steps.TodoUiSteps.estoyEnPagina()&amp#27;[0m
  &amp#27;[32mDado &amp#27;[0m&amp#27;[32mdejo el campo tÃ­tulo vacÃ­o&amp#27;[0m                             &amp#27;[90m# steps.TodoUiSteps.tituloVacio()&amp#27;[0m
  &amp#27;[32mY &amp#27;[0m&amp#27;[32mhago clic en el botÃ³n &amp#27;[0m&amp#27;[32m&amp#27;[1m"Agregar"&amp#27;[0m                           &amp#27;[90m# steps.TodoUiSteps.clicBoton(java.lang.String)&amp#27;[0m
  &amp#27;[32mEntonces &amp#27;[0m&amp#27;[32mveo un mensaje de error &amp#27;[0m&amp#27;[32m&amp#27;[1m"El tÃ­tulo es obligatorio"&amp#27;[0m &amp#27;[90m# steps.TodoUiSteps.mensajeError(java.lang.String)&amp#27;[0m
]]></system-out>
    <system-err><![CDATA[[main] INFO io.github.bonigarcia.wdm.WebDriverManager - Using chromedriver 145.0.7632.77 (resolved driver for Chrome 145)
[main] INFO io.github.bonigarcia.wdm.WebDriverManager - Exporting webdriver.chrome.driver as C:\Users\user\.cache\selenium\chromedriver\win64\145.0.7632.77\chromedriver.exe
Feb 19, 2026 9:35:03 PM org.openqa.selenium.devtools.CdpVersionFinder findNearestMatch
ADVERTENCIA: Unable to find CDP implementation matching 145
Feb 19, 2026 9:35:03 PM org.openqa.selenium.chromium.ChromiumDriver lambda$new$5
ADVERTENCIA: Unable to find version of CDP to use for 145.0.7632.77. You may need to include a dependency on a specific version of the CDP using something similar to `org.seleniumhq.selenium:selenium-devtools-v86:4.21.0` where the version ("v86") matches the version of the chromium-based browser you're using and the version number of the artifact is the same as Selenium's.
]]></system-err>
  </testcase>
</testsuite>